Arguments: 
  /home/umerkang_/.nvm/versions/node/v19.1.0/bin/node /home/umerkang_/.yarn/bin/yarn.js install

PATH: 
  /home/umerkang_/.yarn/bin:/home/umerkang_/.config/yarn/global/node_modules/.bin:/home/umerkang_/.vscode-server/bin/6261075646f055b99068d3688932416f2346dd3b/bin/remote-cli:/home/umerkang_/.yarn/bin:/home/umerkang_/.config/yarn/global/node_modules/.bin:/home/umerkang_/.nvm/versions/node/v19.1.0/bin:/usr/local/sbin:/usr/local/bin:/usr/sbin:/usr/bin:/sbin:/bin:/usr/games:/usr/local/games:/usr/lib/wsl/lib:/mnt/c/Program Files/Common Files/Oracle/Java/javapath:/mnt/c/Windows/system32:/mnt/c/Windows:/mnt/c/Windows/System32/Wbem:/mnt/c/Windows/System32/WindowsPowerShell/v1.0/:/mnt/c/Windows/System32/OpenSSH/:/mnt/c/Program Files/Git/cmd:/mnt/c/Program Files/Docker/Docker/resources/bin:/mnt/c/ProgramData/DockerDesktop/version-bin:/mnt/c/Program Files/nodejs/:/mnt/c/Users/ugulz/AppData/Local/Microsoft/WindowsApps:/mnt/c/Users/ugulz/AppData/Local/Programs/Microsoft VS Code/bin:/mnt/c/Users/ugulz/AppData/Local/Google/Cloud SDK/google-cloud-sdk/bin:/mnt/c/Users/ugulz:/mnt/c/Program Files/JetBrains/IntelliJ IDEA Community Edition 2022.2.1/bin:/mnt/c/Users/ugulz/.deno/bin:/mnt/c/Users/ugulz/AppData/Roaming/npm:/snap/bin

Yarn version: 
  1.22.19

Node version: 
  19.1.0

Platform: 
  linux x64

Trace: 
  Error: getaddrinfo EAI_AGAIN registry.yarnpkg.com
      at GetAddrInfoReqWrap.onlookup [as oncomplete] (node:dns:107:26)

npm manifest: 
  {
    "name": "react-ssr",
    "version": "1.0.0",
    "description": "Server side rendering project",
    "main": "index.js",
    "scripts": {
      "start:server": "node build/bundle.js",
      "dev:server": "nodemon --watch build --exec npm run start:server",
      "dev:build-server": "webpack --config webpack.server.js --watch",
      "dev:build-client": "webpack --config webpack.client.js --watch",
      "dev": "npm-run-all --parallel dev:*"
    },
    "author": "Umer Kang",
    "license": "ISC",
    "dependencies": {
      "axios": "0.16.2",
      "babel-cli": "6.26.0",
      "babel-core": "6.26.0",
      "babel-loader": "7.1.2",
      "babel-preset-env": "1.6.0",
      "babel-preset-es2015": "6.24.1",
      "babel-preset-es2017": "6.24.1",
      "babel-preset-react": "6.24.1",
      "babel-preset-stage-0": "6.24.1",
      "compression": "1.7.0",
      "concurrently": "3.5.0",
      "express": "4.15.4",
      "express-http-proxy": "1.0.6",
      "lodash": "4.17.4",
      "nodemon": "1.12.0",
      "npm-run-all": "4.1.1",
      "react": "16.0.0",
      "react-dom": "16.0.0",
      "react-helmet": "5.2.0",
      "react-redux": "5.0.6",
      "react-router-dom": "4.2.2",
      "react-router-config": "1.0.0-beta.4",
      "redux": "3.7.2",
      "redux-thunk": "2.2.0",
      "serialize-javascript": "1.4.0",
      "webpack": "3.5.6",
      "webpack-dev-server": "2.8.2",
      "webpack-merge": "4.1.0",
      "webpack-node-externals": "1.6.0"
    },
    "//": [
      "react-router-dem: '4.2.2'",
      "react-router-config: '1.0.0-beta.4'"
    ]
  }

yarn manifest: 
  No manifest

Lockfile: 
  No lockfile
